<?xml version="1.0" encoding="UTF-8"?>
<testsuite xmlns:xsi="http://www.w3.org/2001/XMLSchema-instance" xsi:noNamespaceSchemaLocation="https://maven.apache.org/surefire/maven-surefire-plugin/xsd/surefire-test-report.xsd" name="com.graphhopper.routing.EdgeBasedRoutingAlgorithmTest" time="0.087" tests="44" errors="0" skipped="0" failures="0">
  <properties>
[...]
</properties>
  <testcase name="testLoop_issue1592[dijkstra]" classname="com.graphhopper.routing.EdgeBasedRoutingAlgorithmTest" time="0"/>
  <testcase name="testRandomGraph[dijkstra]" classname="com.graphhopper.routing.EdgeBasedRoutingAlgorithmTest" time="0"/>
  <testcase name="testLoopEdge[dijkstra]" classname="com.graphhopper.routing.EdgeBasedRoutingAlgorithmTest" time="0"/>
  <testcase name="testTurnCostsBug_991[dijkstra]" classname="com.graphhopper.routing.EdgeBasedRoutingAlgorithmTest" time="0"/>
  <testcase name="testDoubleLoopPTurn[dijkstra]" classname="com.graphhopper.routing.EdgeBasedRoutingAlgorithmTest" time="0"/>
  <testcase name="testTurnCosts_timeCalculation[dijkstra]" classname="com.graphhopper.routing.EdgeBasedRoutingAlgorithmTest" time="0"/>
  <testcase name="testBasicTurnCosts[dijkstra]" classname="com.graphhopper.routing.EdgeBasedRoutingAlgorithmTest" time="0"/>
  <testcase name="testBasicTurnRestriction[dijkstra]" classname="com.graphhopper.routing.EdgeBasedRoutingAlgorithmTest" time="0"/>
  <testcase name="testBlockANode[dijkstra]" classname="com.graphhopper.routing.EdgeBasedRoutingAlgorithmTest" time="0.003"/>
  <testcase name="uTurnCostAtMeetingNode[dijkstra]" classname="com.graphhopper.routing.EdgeBasedRoutingAlgorithmTest" time="0.002"/>
  <testcase name="testUTurns[dijkstra]" classname="com.graphhopper.routing.EdgeBasedRoutingAlgorithmTest" time="0.001"/>
  <testcase name="testLoop_issue1592[dijkstrabi]" classname="com.graphhopper.routing.EdgeBasedRoutingAlgorithmTest" time="0.002"/>
  <testcase name="testRandomGraph[dijkstrabi]" classname="com.graphhopper.routing.EdgeBasedRoutingAlgorithmTest" time="0.005"/>
  <testcase name="testLoopEdge[dijkstrabi]" classname="com.graphhopper.routing.EdgeBasedRoutingAlgorithmTest" time="0.005"/>
  <testcase name="testTurnCostsBug_991[dijkstrabi]" classname="com.graphhopper.routing.EdgeBasedRoutingAlgorithmTest" time="0.001"/>
  <testcase name="testDoubleLoopPTurn[dijkstrabi]" classname="com.graphhopper.routing.EdgeBasedRoutingAlgorithmTest" time="0.003"/>
  <testcase name="testTurnCosts_timeCalculation[dijkstrabi]" classname="com.graphhopper.routing.EdgeBasedRoutingAlgorithmTest" time="0.001"/>
  <testcase name="testBasicTurnCosts[dijkstrabi]" classname="com.graphhopper.routing.EdgeBasedRoutingAlgorithmTest" time="0.001"/>
  <testcase name="testBasicTurnRestriction[dijkstrabi]" classname="com.graphhopper.routing.EdgeBasedRoutingAlgorithmTest" time="0.003"/>
  <testcase name="testBlockANode[dijkstrabi]" classname="com.graphhopper.routing.EdgeBasedRoutingAlgorithmTest" time="0.001"/>
  <testcase name="uTurnCostAtMeetingNode[dijkstrabi]" classname="com.graphhopper.routing.EdgeBasedRoutingAlgorithmTest" time="0.002"/>
  <testcase name="testUTurns[dijkstrabi]" classname="com.graphhopper.routing.EdgeBasedRoutingAlgorithmTest" time="0.002"/>
  <testcase name="testLoop_issue1592[astar]" classname="com.graphhopper.routing.EdgeBasedRoutingAlgorithmTest" time="0.003"/>
  <testcase name="testRandomGraph[astar]" classname="com.graphhopper.routing.EdgeBasedRoutingAlgorithmTest" time="0.007"/>
  <testcase name="testLoopEdge[astar]" classname="com.graphhopper.routing.EdgeBasedRoutingAlgorithmTest" time="0.002"/>
  <testcase name="testTurnCostsBug_991[astar]" classname="com.graphhopper.routing.EdgeBasedRoutingAlgorithmTest" time="0.002"/>
  <testcase name="testDoubleLoopPTurn[astar]" classname="com.graphhopper.routing.EdgeBasedRoutingAlgorithmTest" time="0.001"/>
  <testcase name="testTurnCosts_timeCalculation[astar]" classname="com.graphhopper.routing.EdgeBasedRoutingAlgorithmTest" time="0.002"/>
  <testcase name="testBasicTurnCosts[astar]" classname="com.graphhopper.routing.EdgeBasedRoutingAlgorithmTest" time="0.001"/>
  <testcase name="testBasicTurnRestriction[astar]" classname="com.graphhopper.routing.EdgeBasedRoutingAlgorithmTest" time="0.003"/>
  <testcase name="testBlockANode[astar]" classname="com.graphhopper.routing.EdgeBasedRoutingAlgorithmTest" time="0.002"/>
  <testcase name="uTurnCostAtMeetingNode[astar]" classname="com.graphhopper.routing.EdgeBasedRoutingAlgorithmTest" time="0.002"/>
  <testcase name="testUTurns[astar]" classname="com.graphhopper.routing.EdgeBasedRoutingAlgorithmTest" time="0.004"/>
  <testcase name="testLoop_issue1592[astarbi]" classname="com.graphhopper.routing.EdgeBasedRoutingAlgorithmTest" time="0.001"/>
  <testcase name="testRandomGraph[astarbi]" classname="com.graphhopper.routing.EdgeBasedRoutingAlgorithmTest" time="0.006"/>
  <testcase name="testLoopEdge[astarbi]" classname="com.graphhopper.routing.EdgeBasedRoutingAlgorithmTest" time="0.002"/>
  <testcase name="testTurnCostsBug_991[astarbi]" classname="com.graphhopper.routing.EdgeBasedRoutingAlgorithmTest" time="0.002"/>
  <testcase name="testDoubleLoopPTurn[astarbi]" classname="com.graphhopper.routing.EdgeBasedRoutingAlgorithmTest" time="0.001"/>
  <testcase name="testTurnCosts_timeCalculation[astarbi]" classname="com.graphhopper.routing.EdgeBasedRoutingAlgorithmTest" time="0.001"/>
  <testcase name="testBasicTurnCosts[astarbi]" classname="com.graphhopper.routing.EdgeBasedRoutingAlgorithmTest" time="0.001"/>
  <testcase name="testBasicTurnRestriction[astarbi]" classname="com.graphhopper.routing.EdgeBasedRoutingAlgorithmTest" time="0.003"/>
  <testcase name="testBlockANode[astarbi]" classname="com.graphhopper.routing.EdgeBasedRoutingAlgorithmTest" time="0.002"/>
  <testcase name="uTurnCostAtMeetingNode[astarbi]" classname="com.graphhopper.routing.EdgeBasedRoutingAlgorithmTest" time="0.001"/>
  <testcase name="testUTurns[astarbi]" classname="com.graphhopper.routing.EdgeBasedRoutingAlgorithmTest" time="0.003"/>
</testsuite>