<?xml version="1.0" encoding="UTF-8"?>
<testsuite xmlns:xsi="http://www.w3.org/2001/XMLSchema-instance" xsi:noNamespaceSchemaLocation="https://maven.apache.org/surefire/maven-surefire-plugin/xsd/surefire-test-report.xsd" name="com.graphhopper.storage.index.Location2IDQuadtreeTest" time="0.292" tests="8" errors="0" skipped="0" failures="0">
  <properties>
[...]
</properties>
  <testcase name="testNormedDist" classname="com.graphhopper.storage.index.Location2IDQuadtreeTest" time="0"/>
  <testcase name="testSimpleGraph" classname="com.graphhopper.storage.index.Location2IDQuadtreeTest" time="0.014"/>
  <testcase name="testSinglePoints120" classname="com.graphhopper.storage.index.Location2IDQuadtreeTest" time="0.025"/>
  <testcase name="testGrid" classname="com.graphhopper.storage.index.Location2IDQuadtreeTest" time="0.029"/>
  <testcase name="testSimpleGraph2" classname="com.graphhopper.storage.index.Location2IDQuadtreeTest" time="0.025"/>
  <testcase name="testNoErrorOnEdgeCase_lastIndex" classname="com.graphhopper.storage.index.Location2IDQuadtreeTest" time="0.144"/>
  <testcase name="testSinglePoints32" classname="com.graphhopper.storage.index.Location2IDQuadtreeTest" time="0.053"/>
  <testcase name="testDifferentVehicles" classname="com.graphhopper.storage.index.Location2IDQuadtreeTest" time="0"/>
</testsuite>